<?xml version="1.0" encoding="UTF-8"?>
<testng-results ignored="0" total="1" passed="1" failed="0" skipped="0">
  <reporter-output>
  </reporter-output>
  <suite started-at="2025-02-09T17:27:00 GMT+05:45" name="Default suite" finished-at="2025-02-09T17:27:07 GMT+05:45" duration-ms="6215">
    <groups>
    </groups>
    <test started-at="2025-02-09T17:27:00 GMT+05:45" name="Default test" finished-at="2025-02-09T17:27:07 GMT+05:45" duration-ms="6215">
      <class name="automationexerise.login">
        <test-method is-config="true" signature="open_Browser()[pri:0, instance:automationexerise.login@6302bbb1]" started-at="2025-02-09T17:26:42 GMT+05:45" name="open_Browser" finished-at="2025-02-09T17:27:00 GMT+05:45" duration-ms="18394" status="PASS">
          <reporter-output>
          </reporter-output>
        </test-method> <!-- open_Browser -->
        <test-method signature="logged_in()[pri:0, instance:automationexerise.login@6302bbb1]" started-at="2025-02-09T17:27:00 GMT+05:45" name="logged_in" finished-at="2025-02-09T17:27:07 GMT+05:45" duration-ms="6184" status="PASS">
          <reporter-output>
          </reporter-output>
        </test-method> <!-- logged_in -->
        <test-method is-config="true" signature="close_Browser()[pri:0, instance:automationexerise.login@6302bbb1]" started-at="2025-02-09T17:27:07 GMT+05:45" name="close_Browser" finished-at="2025-02-09T17:27:10 GMT+05:45" duration-ms="3320" status="PASS">
          <reporter-output>
          </reporter-output>
        </test-method> <!-- close_Browser -->
      </class> <!-- automationexerise.login -->
    </test> <!-- Default test -->
  </suite> <!-- Default suite -->
</testng-results>
